<?xml version="1.0" encoding="UTF-8"?>
<!-- Generated by org.testng.reporters.JUnitReportReporter -->
<testsuite hostname="siazon-pc" failures="0" tests="1" name="Prac.TestPWD" time="0.004" errors="0" timestamp="2022-03-02T20:03:24 GMT" skipped="0">
  <testcase classname="Prac.TestPWD" name="text" time="0.004"/>
  <system-out/>
</testsuite> <!-- Prac.TestPWD -->
